objc[12486]: Class AXEmojiUtilities is implemented in both /Applications/Xcode.app/Contents/Developer/Platforms/iPhoneSimulator.platform/Developer/SDKs/iPhoneSimulator7.1.sdk/System/Library/PrivateFrameworks/AccessibilityUtilities.framework/AccessibilityUtilities and /Applications/Xcode.app/Contents/Developer/Platforms/iPhoneSimulator.platform/Developer/SDKs/iPhoneSimulator7.1.sdk/usr/lib/libAXSpeechManager.dylib. One of the two will be used. Which one is undefined.
2014-07-02 16:44:53.175 LMU[12486:70b] Cannot find executable for CFBundle 0xa4bfbe0 </Applications/Xcode.app/Contents/Developer/Platforms/iPhoneSimulator.platform/Developer/SDKs/iPhoneSimulator7.1.sdk/System/Library/AccessibilityBundles/CertUIFramework.axbundle> (not loaded)
2014-07-02 16:44:53.179 LMU[12486:70b] Cannot find executable for CFBundle 0xa2841d0 </Applications/Xcode.app/Contents/Developer/Platforms/iPhoneSimulator.platform/Developer/SDKs/iPhoneSimulator7.1.sdk/System/Library/AccessibilityBundles/GeoServices.axbundle> (not loaded)
2014-07-02 16:44:53.209 LMU[12486:70b] Multi-tasking -> Device: YES, App: YES
2014-07-02 16:44:53.228 LMU[12486:70b] Unlimited access to network resources
2014-07-02 16:44:53.230 LMU[12486:70b] Fix applied for database locations?: YES
2014-07-02 16:44:53.242 LMU[12486:70b] [CDVTimer][keyboard] 0.049949ms
2014-07-02 16:44:53.242 LMU[12486:70b] CDVPlugin class CDVStatusBar (pluginName: statusbar) does not exist.
2014-07-02 16:44:53.243 LMU[12486:70b] [CDVTimer][statusbar] 0.355959ms
2014-07-02 16:44:53.243 LMU[12486:70b] [CDVTimer][TotalPluginStartup] 1.115978ms
2014-07-02 16:44:53.311 LMU[12486:70b] Resetting plugins due to page load.
2014-07-02 16:44:53.443 LMU[12486:70b] Finished load of: file:///Users/amesarosh/Library/Application%20Support/iPhone%20Simulator/7.1/Applications/8CECD80F-4DEB-45A1-A33C-0928BE072BB3/LMU.app/www/index.html#/app/playlists
2014-07-02 16:45:10.578 LMU[12486:70b] Doing login [object Object]
Terminating in response to SpringBoard's termination.
objc[80770]: Class AXEmojiUtilities is implemented in both /Applications/Xcode.app/Contents/Developer/Platforms/iPhoneSimulator.platform/Developer/SDKs/iPhoneSimulator7.1.sdk/System/Library/PrivateFrameworks/AccessibilityUtilities.framework/AccessibilityUtilities and /Applications/Xcode.app/Contents/Developer/Platforms/iPhoneSimulator.platform/Developer/SDKs/iPhoneSimulator7.1.sdk/usr/lib/libAXSpeechManager.dylib. One of the two will be used. Which one is undefined.
2014-07-07 23:29:07.208 LMU[80770:70b] Cannot find executable for CFBundle 0xb092900 </Applications/Xcode.app/Contents/Developer/Platforms/iPhoneSimulator.platform/Developer/SDKs/iPhoneSimulator7.1.sdk/System/Library/AccessibilityBundles/GeoServices.axbundle> (not loaded)
2014-07-07 23:29:07.214 LMU[80770:70b] Cannot find executable for CFBundle 0xb68ec80 </Applications/Xcode.app/Contents/Developer/Platforms/iPhoneSimulator.platform/Developer/SDKs/iPhoneSimulator7.1.sdk/System/Library/AccessibilityBundles/CertUIFramework.axbundle> (not loaded)
2014-07-07 23:29:07.267 LMU[80770:70b] Multi-tasking -> Device: YES, App: YES
2014-07-07 23:29:07.289 LMU[80770:70b] Unlimited access to network resources
2014-07-07 23:29:07.404 LMU[80770:70b] [CDVTimer][keyboard] 0.087976ms
2014-07-07 23:29:07.404 LMU[80770:70b] CDVPlugin class CDVStatusBar (pluginName: statusbar) does not exist.
2014-07-07 23:29:07.404 LMU[80770:70b] [CDVTimer][statusbar] 0.297010ms
2014-07-07 23:29:07.405 LMU[80770:70b] [CDVTimer][TotalPluginStartup] 1.087010ms
2014-07-07 23:29:07.505 LMU[80770:70b] Resetting plugins due to page load.
2014-07-07 23:29:07.674 LMU[80770:70b] Finished load of: file:///Users/amesarosh/Library/Application%20Support/iPhone%20Simulator/7.1/Applications/8CECD80F-4DEB-45A1-A33C-0928BE072BB3/LMU.app/www/index.html#/app/shows/all
